<html>
<head>
<title>TestNG:  Default test</title>
<link href="../testng.css" rel="stylesheet" type="text/css" />
<link href="../my-testng.css" rel="stylesheet" type="text/css" />

<style type="text/css">
.log { display: none;} 
.stack-trace { display: none;} 
</style>
<script type="text/javascript">
<!--
function flip(e) {
  current = e.style.display;
  if (current == 'block') {
    e.style.display = 'none';
    return 0;
  }
  else {
    e.style.display = 'block';
    return 1;
  }
}

function toggleBox(szDivId, elem, msg1, msg2)
{
  var res = -1;  if (document.getElementById) {
    res = flip(document.getElementById(szDivId));
  }
  else if (document.all) {
    // this is the way old msie versions work
    res = flip(document.all[szDivId]);
  }
  if(elem) {
    if(res == 0) elem.innerHTML = msg1; else elem.innerHTML = msg2;
  }

}

function toggleAllBoxes() {
  if (document.getElementsByTagName) {
    d = document.getElementsByTagName('div');
    for (i = 0; i < d.length; i++) {
      if (d[i].className == 'log') {
        flip(d[i]);
      }
    }
  }
}

// -->
</script>

</head>
<body>
<h2 align='center'>Default test</h2><table border='1' align="center">
<tr>
<td>Tests passed/Failed/Skipped:</td><td>163/10/0</td>
</tr><tr>
<td>Started on:</td><td>Fri Aug 04 17:22:54 EDT 2023</td>
</tr>
<tr><td>Total time:</td><td>131 seconds (131461 ms)</td>
</tr><tr>
<td>Included groups:</td><td></td>
</tr><tr>
<td>Excluded groups:</td><td></td>
</tr>
</table><p/>
<small><i>(Hover the method name to see the test class name)</i></small><p/>
<table width='100%' border='1' class='invocation-failed'>
<tr><td colspan='4' align='center'><b>FAILED TESTS</b></td></tr>
<tr><td><b>Test method</b></td>
<td><b>Attribute(s)</b></td>
<td width="30%"><b>Exception</b></td>
<td width="10%"><b>Time (seconds)</b></td>
<td><b>Instance</b></td>
</tr>
<tr>
<td title='testrunners.MyTestRunner.runScenario()'><b>runScenario</b><br>Test class: testrunners.MyTestRunner<br>Test method: Runs Cucumber Scenarios<br>Parameters: "The user is presented with error message for password with characters less than 8", "DS-Algo Portal Register Page"</td>
<td><div><pre>java.lang.AssertionError: expected [true] but found [false]
	at org.testng.Assert.fail(Assert.java:111)
	at org.testng.Assert.failNotEquals(Assert.java:1578)
	at org.testng.Assert.assertTrue(Assert.java:57)
	at org.testng.Assert.assertTrue(Assert.java:67)
	at com.stepdefinitions.RegisterSteps.it_should_display_an_error_message(RegisterSteps.java:81)
	at ?.It should display an error message &quot;Password should contain at least 8 characters&quot;(file:///C:/Users/subul/git/BDDproject/src/test/resources/features/CRegister.feature:48)
</pre></div><a href='#' onClick='toggleBox("stack-trace721457233", this, "Click to show all stack frames", "Click to hide stack frames")'>Click to show all stack frames</a>
<div class='stack-trace' id='stack-trace721457233'><pre>java.lang.AssertionError: expected [true] but found [false]
	at org.testng.Assert.fail(Assert.java:111)
	at org.testng.Assert.failNotEquals(Assert.java:1578)
	at org.testng.Assert.assertTrue(Assert.java:57)
	at org.testng.Assert.assertTrue(Assert.java:67)
	at com.stepdefinitions.RegisterSteps.it_should_display_an_error_message(RegisterSteps.java:81)
	at ?.It should display an error message &quot;Password should contain at least 8 characters&quot;(file:///C:/Users/subul/git/BDDproject/src/test/resources/features/CRegister.feature:48)
</pre></div></td>
<td>0</td>
<td>testrunners.MyTestRunner@576c5536</td></tr>
<tr>
<td title='testrunners.MyTestRunner.runScenario()'><b>runScenario</b><br>Test class: testrunners.MyTestRunner<br>Test method: Runs Cucumber Scenarios<br>Parameters: "The user is presented with error message for password with only numbers", "DS-Algo Portal Register Page"</td>
<td><div><pre>java.lang.AssertionError: expected [true] but found [false]
	at org.testng.Assert.fail(Assert.java:111)
	at org.testng.Assert.failNotEquals(Assert.java:1578)
	at org.testng.Assert.assertTrue(Assert.java:57)
	at org.testng.Assert.assertTrue(Assert.java:67)
	at com.stepdefinitions.RegisterSteps.it_should_display_an_error_message(RegisterSteps.java:81)
	at ?.It should display an error message &quot;Password can’t be entirely numeric.&quot;(file:///C:/Users/subul/git/BDDproject/src/test/resources/features/CRegister.feature:55)
</pre></div><a href='#' onClick='toggleBox("stack-trace1876351111", this, "Click to show all stack frames", "Click to hide stack frames")'>Click to show all stack frames</a>
<div class='stack-trace' id='stack-trace1876351111'><pre>java.lang.AssertionError: expected [true] but found [false]
	at org.testng.Assert.fail(Assert.java:111)
	at org.testng.Assert.failNotEquals(Assert.java:1578)
	at org.testng.Assert.assertTrue(Assert.java:57)
	at org.testng.Assert.assertTrue(Assert.java:67)
	at com.stepdefinitions.RegisterSteps.it_should_display_an_error_message(RegisterSteps.java:81)
	at ?.It should display an error message &quot;Password can’t be entirely numeric.&quot;(file:///C:/Users/subul/git/BDDproject/src/test/resources/features/CRegister.feature:55)
</pre></div></td>
<td>0</td>
<td>testrunners.MyTestRunner@576c5536</td></tr>
<tr>
<td title='testrunners.MyTestRunner.runScenario()'><b>runScenario</b><br>Test class: testrunners.MyTestRunner<br>Test method: Runs Cucumber Scenarios<br>Parameters: "The user is presented with error message for invalid username", "DS-Algo Portal Register Page"</td>
<td><div><pre>java.lang.AssertionError: expected [true] but found [false]
	at org.testng.Assert.fail(Assert.java:111)
	at org.testng.Assert.failNotEquals(Assert.java:1578)
	at org.testng.Assert.assertTrue(Assert.java:57)
	at org.testng.Assert.assertTrue(Assert.java:67)
	at com.stepdefinitions.RegisterSteps.it_should_display_an_error_message(RegisterSteps.java:81)
	at ?.It should display an error message &quot;Please enter a valid username&quot;(file:///C:/Users/subul/git/BDDproject/src/test/resources/features/CRegister.feature:27)
</pre></div><a href='#' onClick='toggleBox("stack-trace1635207173", this, "Click to show all stack frames", "Click to hide stack frames")'>Click to show all stack frames</a>
<div class='stack-trace' id='stack-trace1635207173'><pre>java.lang.AssertionError: expected [true] but found [false]
	at org.testng.Assert.fail(Assert.java:111)
	at org.testng.Assert.failNotEquals(Assert.java:1578)
	at org.testng.Assert.assertTrue(Assert.java:57)
	at org.testng.Assert.assertTrue(Assert.java:67)
	at com.stepdefinitions.RegisterSteps.it_should_display_an_error_message(RegisterSteps.java:81)
	at ?.It should display an error message &quot;Please enter a valid username&quot;(file:///C:/Users/subul/git/BDDproject/src/test/resources/features/CRegister.feature:27)
</pre></div></td>
<td>0</td>
<td>testrunners.MyTestRunner@576c5536</td></tr>
<tr>
<td title='testrunners.MyTestRunner.runScenario()'><b>runScenario</b><br>Test class: testrunners.MyTestRunner<br>Test method: Runs Cucumber Scenarios<br>Parameters: "The user is able to run code in tryEditor for Squares of a Sorted Array", "Array"</td>
<td><div><pre>java.lang.AssertionError: expected [Successful Submission] but found [ No tests were collected]
	at org.testng.Assert.fail(Assert.java:111)
	at org.testng.Assert.failNotEquals(Assert.java:1578)
	at org.testng.Assert.assertEqualsImpl(Assert.java:150)
	at org.testng.Assert.assertEquals(Assert.java:132)
	at org.testng.Assert.assertEquals(Assert.java:656)
	at org.testng.Assert.assertEquals(Assert.java:666)
	at com.stepdefinitions.ArraySteps.the_user_should_be_presented_with_successful_submission_message_on_question_four(ArraySteps.java:647)
	at ?.The user should be presented with successful submission message on question four(file:///C:/Users/subul/git/BDDproject/src/test/resources/features/FArray.feature:236)
</pre></div><a href='#' onClick='toggleBox("stack-trace1688717445", this, "Click to show all stack frames", "Click to hide stack frames")'>Click to show all stack frames</a>
<div class='stack-trace' id='stack-trace1688717445'><pre>java.lang.AssertionError: expected [Successful Submission] but found [ No tests were collected]
	at org.testng.Assert.fail(Assert.java:111)
	at org.testng.Assert.failNotEquals(Assert.java:1578)
	at org.testng.Assert.assertEqualsImpl(Assert.java:150)
	at org.testng.Assert.assertEquals(Assert.java:132)
	at org.testng.Assert.assertEquals(Assert.java:656)
	at org.testng.Assert.assertEquals(Assert.java:666)
	at com.stepdefinitions.ArraySteps.the_user_should_be_presented_with_successful_submission_message_on_question_four(ArraySteps.java:647)
	at ?.The user should be presented with successful submission message on question four(file:///C:/Users/subul/git/BDDproject/src/test/resources/features/FArray.feature:236)
</pre></div></td>
<td>1</td>
<td>testrunners.MyTestRunner@576c5536</td></tr>
<tr>
<td title='testrunners.MyTestRunner.runScenario()'><b>runScenario</b><br>Test class: testrunners.MyTestRunner<br>Test method: Runs Cucumber Scenarios<br>Parameters: "The user is presented with error message for username already exists", "DS-Algo Portal Register Page"</td>
<td><div><pre>java.lang.AssertionError: expected [true] but found [false]
	at org.testng.Assert.fail(Assert.java:111)
	at org.testng.Assert.failNotEquals(Assert.java:1578)
	at org.testng.Assert.assertTrue(Assert.java:57)
	at org.testng.Assert.assertTrue(Assert.java:67)
	at com.stepdefinitions.RegisterSteps.it_should_display_an_error_message(RegisterSteps.java:81)
	at ?.It should display an error message &quot;Username already exists&quot;(file:///C:/Users/subul/git/BDDproject/src/test/resources/features/CRegister.feature:34)
</pre></div><a href='#' onClick='toggleBox("stack-trace1014694927", this, "Click to show all stack frames", "Click to hide stack frames")'>Click to show all stack frames</a>
<div class='stack-trace' id='stack-trace1014694927'><pre>java.lang.AssertionError: expected [true] but found [false]
	at org.testng.Assert.fail(Assert.java:111)
	at org.testng.Assert.failNotEquals(Assert.java:1578)
	at org.testng.Assert.assertTrue(Assert.java:57)
	at org.testng.Assert.assertTrue(Assert.java:67)
	at com.stepdefinitions.RegisterSteps.it_should_display_an_error_message(RegisterSteps.java:81)
	at ?.It should display an error message &quot;Username already exists&quot;(file:///C:/Users/subul/git/BDDproject/src/test/resources/features/CRegister.feature:34)
</pre></div></td>
<td>0</td>
<td>testrunners.MyTestRunner@576c5536</td></tr>
<tr>
<td title='testrunners.MyTestRunner.runScenario()'><b>runScenario</b><br>Test class: testrunners.MyTestRunner<br>Test method: Runs Cucumber Scenarios<br>Parameters: "The user is presented with error message for commonly used password", "DS-Algo Portal Register Page"</td>
<td><div><pre>java.lang.AssertionError: expected [true] but found [false]
	at org.testng.Assert.fail(Assert.java:111)
	at org.testng.Assert.failNotEquals(Assert.java:1578)
	at org.testng.Assert.assertTrue(Assert.java:57)
	at org.testng.Assert.assertTrue(Assert.java:67)
	at com.stepdefinitions.RegisterSteps.it_should_display_an_error_message(RegisterSteps.java:81)
	at ?.It should display an error message &quot;Password can’t be commonly used password&quot;(file:///C:/Users/subul/git/BDDproject/src/test/resources/features/CRegister.feature:69)
</pre></div><a href='#' onClick='toggleBox("stack-trace468068243", this, "Click to show all stack frames", "Click to hide stack frames")'>Click to show all stack frames</a>
<div class='stack-trace' id='stack-trace468068243'><pre>java.lang.AssertionError: expected [true] but found [false]
	at org.testng.Assert.fail(Assert.java:111)
	at org.testng.Assert.failNotEquals(Assert.java:1578)
	at org.testng.Assert.assertTrue(Assert.java:57)
	at org.testng.Assert.assertTrue(Assert.java:67)
	at com.stepdefinitions.RegisterSteps.it_should_display_an_error_message(RegisterSteps.java:81)
	at ?.It should display an error message &quot;Password can’t be commonly used password&quot;(file:///C:/Users/subul/git/BDDproject/src/test/resources/features/CRegister.feature:69)
</pre></div></td>
<td>0</td>
<td>testrunners.MyTestRunner@576c5536</td></tr>
<tr>
<td title='testrunners.MyTestRunner.runScenario()'><b>runScenario</b><br>Test class: testrunners.MyTestRunner<br>Test method: Runs Cucumber Scenarios<br>Parameters: "The user is able to run and submit code in tryEditor for Search the array link", "Array"</td>
<td><div><pre>java.lang.AssertionError: expected [Successful Submission] but found [Error occurred during submission]
	at org.testng.Assert.fail(Assert.java:111)
	at org.testng.Assert.failNotEquals(Assert.java:1578)
	at org.testng.Assert.assertEqualsImpl(Assert.java:150)
	at org.testng.Assert.assertEquals(Assert.java:132)
	at org.testng.Assert.assertEquals(Assert.java:656)
	at org.testng.Assert.assertEquals(Assert.java:666)
	at com.stepdefinitions.ArraySteps.the_user_should_be_presented_with_successful_submission_message_for_search_the_array(ArraySteps.java:410)
	at ?.The user should be presented with successful submission message for Search the array(file:///C:/Users/subul/git/BDDproject/src/test/resources/features/FArray.feature:145)
</pre></div><a href='#' onClick='toggleBox("stack-trace2035065227", this, "Click to show all stack frames", "Click to hide stack frames")'>Click to show all stack frames</a>
<div class='stack-trace' id='stack-trace2035065227'><pre>java.lang.AssertionError: expected [Successful Submission] but found [Error occurred during submission]
	at org.testng.Assert.fail(Assert.java:111)
	at org.testng.Assert.failNotEquals(Assert.java:1578)
	at org.testng.Assert.assertEqualsImpl(Assert.java:150)
	at org.testng.Assert.assertEquals(Assert.java:132)
	at org.testng.Assert.assertEquals(Assert.java:656)
	at org.testng.Assert.assertEquals(Assert.java:666)
	at com.stepdefinitions.ArraySteps.the_user_should_be_presented_with_successful_submission_message_for_search_the_array(ArraySteps.java:410)
	at ?.The user should be presented with successful submission message for Search the array(file:///C:/Users/subul/git/BDDproject/src/test/resources/features/FArray.feature:145)
</pre></div></td>
<td>2</td>
<td>testrunners.MyTestRunner@576c5536</td></tr>
<tr>
<td title='testrunners.MyTestRunner.runScenario()'><b>runScenario</b><br>Test class: testrunners.MyTestRunner<br>Test method: Runs Cucumber Scenarios<br>Parameters: "The user is able to run and submit code in tryEditor for Max Consecutive Ones", "Array"</td>
<td><div><pre>java.lang.AssertionError: expected [Successful Submission] but found [Error occurred during submission]
	at org.testng.Assert.fail(Assert.java:111)
	at org.testng.Assert.failNotEquals(Assert.java:1578)
	at org.testng.Assert.assertEqualsImpl(Assert.java:150)
	at org.testng.Assert.assertEquals(Assert.java:132)
	at org.testng.Assert.assertEquals(Assert.java:656)
	at org.testng.Assert.assertEquals(Assert.java:666)
	at com.stepdefinitions.ArraySteps.the_user_should_be_presented_with_successful_submission_message_on_question_two(ArraySteps.java:489)
	at ?.The user should be presented with successful submission message on question two(file:///C:/Users/subul/git/BDDproject/src/test/resources/features/FArray.feature:176)
</pre></div><a href='#' onClick='toggleBox("stack-trace798539794", this, "Click to show all stack frames", "Click to hide stack frames")'>Click to show all stack frames</a>
<div class='stack-trace' id='stack-trace798539794'><pre>java.lang.AssertionError: expected [Successful Submission] but found [Error occurred during submission]
	at org.testng.Assert.fail(Assert.java:111)
	at org.testng.Assert.failNotEquals(Assert.java:1578)
	at org.testng.Assert.assertEqualsImpl(Assert.java:150)
	at org.testng.Assert.assertEquals(Assert.java:132)
	at org.testng.Assert.assertEquals(Assert.java:656)
	at org.testng.Assert.assertEquals(Assert.java:666)
	at com.stepdefinitions.ArraySteps.the_user_should_be_presented_with_successful_submission_message_on_question_two(ArraySteps.java:489)
	at ?.The user should be presented with successful submission message on question two(file:///C:/Users/subul/git/BDDproject/src/test/resources/features/FArray.feature:176)
</pre></div></td>
<td>2</td>
<td>testrunners.MyTestRunner@576c5536</td></tr>
<tr>
<td title='testrunners.MyTestRunner.runScenario()'><b>runScenario</b><br>Test class: testrunners.MyTestRunner<br>Test method: Runs Cucumber Scenarios<br>Parameters: "The user is presented with error message for password too similar to your other personal information", "DS-Algo Portal Register Page"</td>
<td><div><pre>java.lang.AssertionError: expected [true] but found [false]
	at org.testng.Assert.fail(Assert.java:111)
	at org.testng.Assert.failNotEquals(Assert.java:1578)
	at org.testng.Assert.assertTrue(Assert.java:57)
	at org.testng.Assert.assertTrue(Assert.java:67)
	at com.stepdefinitions.RegisterSteps.it_should_display_an_error_message(RegisterSteps.java:81)
	at ?.It should display an error message &quot;password can’t be too similar to your other personal information.&quot;(file:///C:/Users/subul/git/BDDproject/src/test/resources/features/CRegister.feature:62)
</pre></div><a href='#' onClick='toggleBox("stack-trace691467402", this, "Click to show all stack frames", "Click to hide stack frames")'>Click to show all stack frames</a>
<div class='stack-trace' id='stack-trace691467402'><pre>java.lang.AssertionError: expected [true] but found [false]
	at org.testng.Assert.fail(Assert.java:111)
	at org.testng.Assert.failNotEquals(Assert.java:1578)
	at org.testng.Assert.assertTrue(Assert.java:57)
	at org.testng.Assert.assertTrue(Assert.java:67)
	at com.stepdefinitions.RegisterSteps.it_should_display_an_error_message(RegisterSteps.java:81)
	at ?.It should display an error message &quot;password can’t be too similar to your other personal information.&quot;(file:///C:/Users/subul/git/BDDproject/src/test/resources/features/CRegister.feature:62)
</pre></div></td>
<td>0</td>
<td>testrunners.MyTestRunner@576c5536</td></tr>
<tr>
<td title='testrunners.MyTestRunner.runScenario()'><b>runScenario</b><br>Test class: testrunners.MyTestRunner<br>Test method: Runs Cucumber Scenarios<br>Parameters: "The user is able to run code in tryEditor for Find Numbers with Even Number of Digits", "Array"</td>
<td><div><pre>java.lang.AssertionError: expected [Successful Submission] but found [Error occurred during submission]
	at org.testng.Assert.fail(Assert.java:111)
	at org.testng.Assert.failNotEquals(Assert.java:1578)
	at org.testng.Assert.assertEqualsImpl(Assert.java:150)
	at org.testng.Assert.assertEquals(Assert.java:132)
	at org.testng.Assert.assertEquals(Assert.java:656)
	at org.testng.Assert.assertEquals(Assert.java:666)
	at com.stepdefinitions.ArraySteps.the_user_should_be_presented_with_successful_submission_message_on_question_three(ArraySteps.java:569)
	at ?.The user should be presented with successful submission message on question three(file:///C:/Users/subul/git/BDDproject/src/test/resources/features/FArray.feature:207)
</pre></div><a href='#' onClick='toggleBox("stack-trace2016392593", this, "Click to show all stack frames", "Click to hide stack frames")'>Click to show all stack frames</a>
<div class='stack-trace' id='stack-trace2016392593'><pre>java.lang.AssertionError: expected [Successful Submission] but found [Error occurred during submission]
	at org.testng.Assert.fail(Assert.java:111)
	at org.testng.Assert.failNotEquals(Assert.java:1578)
	at org.testng.Assert.assertEqualsImpl(Assert.java:150)
	at org.testng.Assert.assertEquals(Assert.java:132)
	at org.testng.Assert.assertEquals(Assert.java:656)
	at org.testng.Assert.assertEquals(Assert.java:666)
	at com.stepdefinitions.ArraySteps.the_user_should_be_presented_with_successful_submission_message_on_question_three(ArraySteps.java:569)
	at ?.The user should be presented with successful submission message on question three(file:///C:/Users/subul/git/BDDproject/src/test/resources/features/FArray.feature:207)
</pre></div></td>
<td>1</td>
<td>testrunners.MyTestRunner@576c5536</td></tr>
</table><p>
<table width='100%' border='1' class='invocation-passed'>
<tr><td colspan='4' align='center'><b>PASSED TESTS</b></td></tr>
<tr><td><b>Test method</b></td>
<td><b>Attribute(s)</b></td>
<td width="30%"><b>Exception</b></td>
<td width="10%"><b>Time (seconds)</b></td>
<td><b>Instance</b></td>
</tr>
<tr>
<td title='testrunners.MyTestRunner.runScenario()'><b>runScenario</b><br>Test class: testrunners.MyTestRunner<br>Test method: Runs Cucumber Scenarios<br>Parameters: "The user is succesfully able to register", "DS-Algo Portal Register Page"</td>
<td></td>
<td>0</td>
<td>testrunners.MyTestRunner@576c5536</td></tr>
<tr>
<td title='testrunners.MyTestRunner.runScenario()'><b>runScenario</b><br>Test class: testrunners.MyTestRunner<br>Test method: Runs Cucumber Scenarios<br>Parameters: "User navigates from home page to linkedlist page", "Linked list module of dsalgo portal"</td>
<td></td>
<td>0</td>
<td>testrunners.MyTestRunner@576c5536</td></tr>
<tr>
<td title='testrunners.MyTestRunner.runScenario()'><b>runScenario</b><br>Test class: testrunners.MyTestRunner<br>Test method: Runs Cucumber Scenarios<br>Parameters: "User navigates from linked list page to text editor page in Insertion", "Linked list module of dsalgo portal"</td>
<td></td>
<td>0</td>
<td>testrunners.MyTestRunner@576c5536</td></tr>
<tr>
<td title='testrunners.MyTestRunner.runScenario()'><b>runScenario</b><br>Test class: testrunners.MyTestRunner<br>Test method: Runs Cucumber Scenarios<br>Parameters: "The user is able to navigate to all Tree Pages", "Tree"</td>
<td></td>
<td>0</td>
<td>testrunners.MyTestRunner@576c5536</td></tr>
<tr>
<td title='testrunners.MyTestRunner.runScenario()'><b>runScenario</b><br>Test class: testrunners.MyTestRunner<br>Test method: Runs Cucumber Scenarios<br>Parameters: "The user is able run code in tryEditor for Implementation of queue in Python page", "Queue feature file for dsalgo project"</td>
<td></td>
<td>0</td>
<td>testrunners.MyTestRunner@576c5536</td></tr>
<tr>
<td title='testrunners.MyTestRunner.runScenario()'><b>runScenario</b><br>Test class: testrunners.MyTestRunner<br>Test method: Runs Cucumber Scenarios<br>Parameters: "Useinvalid and valid inputs from Excelr on login page and login with", "DS-Algo SignIn Page feature"</td>
<td></td>
<td>1</td>
<td>testrunners.MyTestRunner@576c5536</td></tr>
<tr>
<td title='testrunners.MyTestRunner.runScenario()'><b>runScenario</b><br>Test class: testrunners.MyTestRunner<br>Test method: Runs Cucumber Scenarios<br>Parameters: "The user is able to navigate to Overview of Trees", "Tree"</td>
<td></td>
<td>0</td>
<td>testrunners.MyTestRunner@576c5536</td></tr>
<tr>
<td title='testrunners.MyTestRunner.runScenario()'><b>runScenario</b><br>Test class: testrunners.MyTestRunner<br>Test method: Runs Cucumber Scenarios<br>Parameters: "The user is presented with error message for code with invalid syntax in tryEditor for Search the array link", "Array"</td>
<td></td>
<td>0</td>
<td>testrunners.MyTestRunner@576c5536</td></tr>
<tr>
<td title='testrunners.MyTestRunner.runScenario()'><b>runScenario</b><br>Test class: testrunners.MyTestRunner<br>Test method: Runs Cucumber Scenarios<br>Parameters: "The user is able to navigate to Terminologies", "Tree"</td>
<td></td>
<td>0</td>
<td>testrunners.MyTestRunner@576c5536</td></tr>
<tr>
<td title='testrunners.MyTestRunner.runScenario()'><b>runScenario</b><br>Test class: testrunners.MyTestRunner<br>Test method: Runs Cucumber Scenarios<br>Parameters: "The user is able to navigate to Terminologies", "Tree"</td>
<td></td>
<td>0</td>
<td>testrunners.MyTestRunner@576c5536</td></tr>
<tr>
<td title='testrunners.MyTestRunner.runScenario()'><b>runScenario</b><br>Test class: testrunners.MyTestRunner<br>Test method: Runs Cucumber Scenarios<br>Parameters: "The user is able to navigate to Terminologies", "Tree"</td>
<td></td>
<td>0</td>
<td>testrunners.MyTestRunner@576c5536</td></tr>
<tr>
<td title='testrunners.MyTestRunner.runScenario()'><b>runScenario</b><br>Test class: testrunners.MyTestRunner<br>Test method: Runs Cucumber Scenarios<br>Parameters: "The user should be able to run valid codes in Editor Page", "Graph"</td>
<td></td>
<td>0</td>
<td>testrunners.MyTestRunner@576c5536</td></tr>
<tr>
<td title='testrunners.MyTestRunner.runScenario()'><b>runScenario</b><br>Test class: testrunners.MyTestRunner<br>Test method: Runs Cucumber Scenarios<br>Parameters: "The user is presented with error message for invalid code in tryEditor for Max Consecutive Ones", "Array"</td>
<td></td>
<td>0</td>
<td>testrunners.MyTestRunner@576c5536</td></tr>
<tr>
<td title='testrunners.MyTestRunner.runScenario()'><b>runScenario</b><br>Test class: testrunners.MyTestRunner<br>Test method: Runs Cucumber Scenarios<br>Parameters: "The user is able to navigate to Overview of Trees", "Tree"</td>
<td></td>
<td>0</td>
<td>testrunners.MyTestRunner@576c5536</td></tr>
<tr>
<td title='testrunners.MyTestRunner.runScenario()'><b>runScenario</b><br>Test class: testrunners.MyTestRunner<br>Test method: Runs Cucumber Scenarios<br>Parameters: "Useinvalid and valid inputs from Excelr on login page and login with", "DS-Algo SignIn Page feature"</td>
<td></td>
<td>2</td>
<td>testrunners.MyTestRunner@576c5536</td></tr>
<tr>
<td title='testrunners.MyTestRunner.runScenario()'><b>runScenario</b><br>Test class: testrunners.MyTestRunner<br>Test method: Runs Cucumber Scenarios<br>Parameters: "The user is able to navigate to Stack Data Structure page", "Stack"</td>
<td></td>
<td>0</td>
<td>testrunners.MyTestRunner@576c5536</td></tr>
<tr>
<td title='testrunners.MyTestRunner.runScenario()'><b>runScenario</b><br>Test class: testrunners.MyTestRunner<br>Test method: Runs Cucumber Scenarios<br>Parameters: "The user is able to navigate to Terminologies", "Tree"</td>
<td></td>
<td>0</td>
<td>testrunners.MyTestRunner@576c5536</td></tr>
<tr>
<td title='testrunners.MyTestRunner.runScenario()'><b>runScenario</b><br>Test class: testrunners.MyTestRunner<br>Test method: Runs Cucumber Scenarios<br>Parameters: "The user runs the code in tryEditor with valid input for Introduction page", "Linked list module of dsalgo portal"</td>
<td></td>
<td>0</td>
<td>testrunners.MyTestRunner@576c5536</td></tr>
<tr>
<td title='testrunners.MyTestRunner.runScenario()'><b>runScenario</b><br>Test class: testrunners.MyTestRunner<br>Test method: Runs Cucumber Scenarios<br>Parameters: "The user is presented with error message for code with invalid syntax in tryEditor for Implementation using collections deque page", "Queue feature file for dsalgo project"</td>
<td></td>
<td>0</td>
<td>testrunners.MyTestRunner@576c5536</td></tr>
<tr>
<td title='testrunners.MyTestRunner.runScenario()'><b>runScenario</b><br>Test class: testrunners.MyTestRunner<br>Test method: Runs Cucumber Scenarios<br>Parameters: "The user should be able to run valid codes in Overview of Trees Editor Page", "Tree"</td>
<td></td>
<td>0</td>
<td>testrunners.MyTestRunner@576c5536</td></tr>
<tr>
<td title='testrunners.MyTestRunner.runScenario()'><b>runScenario</b><br>Test class: testrunners.MyTestRunner<br>Test method: Runs Cucumber Scenarios<br>Parameters: "The user is able to navigate to Terminologies", "Tree"</td>
<td></td>
<td>0</td>
<td>testrunners.MyTestRunner@576c5536</td></tr>
<tr>
<td title='testrunners.MyTestRunner.runScenario()'><b>runScenario</b><br>Test class: testrunners.MyTestRunner<br>Test method: Runs Cucumber Scenarios<br>Parameters: "The user is presented with error message for code with invalid syntax in tryEditor for Find Numbers with Even Number of Digits", "Array"</td>
<td></td>
<td>0</td>
<td>testrunners.MyTestRunner@576c5536</td></tr>
<tr>
<td title='testrunners.MyTestRunner.runScenario()'><b>runScenario</b><br>Test class: testrunners.MyTestRunner<br>Test method: Runs Cucumber Scenarios<br>Parameters: "The user is able to navigate to all Stack Pages", "Stack"</td>
<td></td>
<td>0</td>
<td>testrunners.MyTestRunner@576c5536</td></tr>
<tr>
<td title='testrunners.MyTestRunner.runScenario()'><b>runScenario</b><br>Test class: testrunners.MyTestRunner<br>Test method: Runs Cucumber Scenarios<br>Parameters: "The user is able to navigate to Operations in Stack Page", "Stack"</td>
<td></td>
<td>0</td>
<td>testrunners.MyTestRunner@576c5536</td></tr>
<tr>
<td title='testrunners.MyTestRunner.runScenario()'><b>runScenario</b><br>Test class: testrunners.MyTestRunner<br>Test method: Runs Cucumber Scenarios<br>Parameters: "The user is able to navigate to Terminologies", "Tree"</td>
<td></td>
<td>0</td>
<td>testrunners.MyTestRunner@576c5536</td></tr>
<tr>
<td title='testrunners.MyTestRunner.runScenario()'><b>runScenario</b><br>Test class: testrunners.MyTestRunner<br>Test method: Runs Cucumber Scenarios<br>Parameters: "The user is able to navigate to all Tree Pages", "Tree"</td>
<td></td>
<td>0</td>
<td>testrunners.MyTestRunner@576c5536</td></tr>
<tr>
<td title='testrunners.MyTestRunner.runScenario()'><b>runScenario</b><br>Test class: testrunners.MyTestRunner<br>Test method: Runs Cucumber Scenarios<br>Parameters: "The user is able to navigate to all Tree Pages", "Tree"</td>
<td></td>
<td>0</td>
<td>testrunners.MyTestRunner@576c5536</td></tr>
<tr>
<td title='testrunners.MyTestRunner.runScenario()'><b>runScenario</b><br>Test class: testrunners.MyTestRunner<br>Test method: Runs Cucumber Scenarios<br>Parameters: "The user runs the code in tryEditor with valid input for Insertion page", "Linked list module of dsalgo portal"</td>
<td></td>
<td>0</td>
<td>testrunners.MyTestRunner@576c5536</td></tr>
<tr>
<td title='testrunners.MyTestRunner.runScenario()'><b>runScenario</b><br>Test class: testrunners.MyTestRunner<br>Test method: Runs Cucumber Scenarios<br>Parameters: "The user getting error message with invalid python code for Deletion page", "Linked list module of dsalgo portal"</td>
<td></td>
<td>0</td>
<td>testrunners.MyTestRunner@576c5536</td></tr>
<tr>
<td title='testrunners.MyTestRunner.runScenario()'><b>runScenario</b><br>Test class: testrunners.MyTestRunner<br>Test method: Runs Cucumber Scenarios<br>Parameters: "The user is able to navigate to Overview of Trees", "Tree"</td>
<td></td>
<td>0</td>
<td>testrunners.MyTestRunner@576c5536</td></tr>
<tr>
<td title='testrunners.MyTestRunner.runScenario()'><b>runScenario</b><br>Test class: testrunners.MyTestRunner<br>Test method: Runs Cucumber Scenarios<br>Parameters: "The user is able to navigate to Terminologies", "Tree"</td>
<td></td>
<td>0</td>
<td>testrunners.MyTestRunner@576c5536</td></tr>
<tr>
<td title='testrunners.MyTestRunner.runScenario()'><b>runScenario</b><br>Test class: testrunners.MyTestRunner<br>Test method: Runs Cucumber Scenarios<br>Parameters: "The user is presented with error message for code with invalid syntax in tryEditor for Arrays in Python page", "Array"</td>
<td></td>
<td>0</td>
<td>testrunners.MyTestRunner@576c5536</td></tr>
<tr>
<td title='testrunners.MyTestRunner.runScenario()'><b>runScenario</b><br>Test class: testrunners.MyTestRunner<br>Test method: Runs Cucumber Scenarios<br>Parameters: "The user getting error message with invalid python code for Introduction page", "Linked list module of dsalgo portal"</td>
<td></td>
<td>0</td>
<td>testrunners.MyTestRunner@576c5536</td></tr>
<tr>
<td title='testrunners.MyTestRunner.runScenario()'><b>runScenario</b><br>Test class: testrunners.MyTestRunner<br>Test method: Runs Cucumber Scenarios<br>Parameters: "The user is able to navigate to Terminologies", "Tree"</td>
<td></td>
<td>0</td>
<td>testrunners.MyTestRunner@576c5536</td></tr>
<tr>
<td title='testrunners.MyTestRunner.runScenario()'><b>runScenario</b><br>Test class: testrunners.MyTestRunner<br>Test method: Runs Cucumber Scenarios<br>Parameters: "The user is able to enter valid codes in Graph Representation Page", "Graph"</td>
<td></td>
<td>0</td>
<td>testrunners.MyTestRunner@576c5536</td></tr>
<tr>
<td title='testrunners.MyTestRunner.runScenario()'><b>runScenario</b><br>Test class: testrunners.MyTestRunner<br>Test method: Runs Cucumber Scenarios<br>Parameters: "The user is presented with error message for empty fields below Password Confirmation textbox", "DS-Algo Portal Register Page"</td>
<td></td>
<td>0</td>
<td>testrunners.MyTestRunner@576c5536</td></tr>
<tr>
<td title='testrunners.MyTestRunner.runScenario()'><b>runScenario</b><br>Test class: testrunners.MyTestRunner<br>Test method: Runs Cucumber Scenarios<br>Parameters: "The user is presented with error message for code with invalid syntax in tryEditor for Implementation of queue in Python page", "Queue feature file for dsalgo project"</td>
<td></td>
<td>0</td>
<td>testrunners.MyTestRunner@576c5536</td></tr>
<tr>
<td title='testrunners.MyTestRunner.runScenario()'><b>runScenario</b><br>Test class: testrunners.MyTestRunner<br>Test method: Runs Cucumber Scenarios<br>Parameters: "The user is able to navigate to Overview of Trees", "Tree"</td>
<td></td>
<td>0</td>
<td>testrunners.MyTestRunner@576c5536</td></tr>
<tr>
<td title='testrunners.MyTestRunner.runScenario()'><b>runScenario</b><br>Test class: testrunners.MyTestRunner<br>Test method: Runs Cucumber Scenarios<br>Parameters: "Logging into DS-ALgo portal", "DS-Algo DataStructure feature"</td>
<td></td>
<td>3</td>
<td>testrunners.MyTestRunner@576c5536</td></tr>
<tr>
<td title='testrunners.MyTestRunner.runScenario()'><b>runScenario</b><br>Test class: testrunners.MyTestRunner<br>Test method: Runs Cucumber Scenarios<br>Parameters: "The user is able to navigate to all Tree Pages", "Tree"</td>
<td></td>
<td>0</td>
<td>testrunners.MyTestRunner@576c5536</td></tr>
<tr>
<td title='testrunners.MyTestRunner.runScenario()'><b>runScenario</b><br>Test class: testrunners.MyTestRunner<br>Test method: Runs Cucumber Scenarios<br>Parameters: "User is on Home page and click getstarted link on  home page without sign in", "DS-Algo Home Page feature"</td>
<td></td>
<td>0</td>
<td>testrunners.MyTestRunner@576c5536</td></tr>
<tr>
<td title='testrunners.MyTestRunner.runScenario()'><b>runScenario</b><br>Test class: testrunners.MyTestRunner<br>Test method: Runs Cucumber Scenarios<br>Parameters: "The user is able to navigate to Terminologies", "Tree"</td>
<td></td>
<td>1</td>
<td>testrunners.MyTestRunner@576c5536</td></tr>
<tr>
<td title='testrunners.MyTestRunner.runScenario()'><b>runScenario</b><br>Test class: testrunners.MyTestRunner<br>Test method: Runs Cucumber Scenarios<br>Parameters: "User is on Home page and click on dropdown without sign in", "DS-Algo Home Page feature"</td>
<td></td>
<td>0</td>
<td>testrunners.MyTestRunner@576c5536</td></tr>
<tr>
<td title='testrunners.MyTestRunner.runScenario()'><b>runScenario</b><br>Test class: testrunners.MyTestRunner<br>Test method: Runs Cucumber Scenarios<br>Parameters: "The user is able run code in tryEditor for Basic Operations in Lists page", "Array"</td>
<td></td>
<td>0</td>
<td>testrunners.MyTestRunner@576c5536</td></tr>
<tr>
<td title='testrunners.MyTestRunner.runScenario()'><b>runScenario</b><br>Test class: testrunners.MyTestRunner<br>Test method: Runs Cucumber Scenarios<br>Parameters: "User is on Home page and click getstarted link on  home page without sign in", "DS-Algo Home Page feature"</td>
<td></td>
<td>0</td>
<td>testrunners.MyTestRunner@576c5536</td></tr>
<tr>
<td title='testrunners.MyTestRunner.runScenario()'><b>runScenario</b><br>Test class: testrunners.MyTestRunner<br>Test method: Runs Cucumber Scenarios<br>Parameters: "The user getting error message with invalid python code for Insertion page", "Linked list module of dsalgo portal"</td>
<td></td>
<td>0</td>
<td>testrunners.MyTestRunner@576c5536</td></tr>
<tr>
<td title='testrunners.MyTestRunner.runScenario()'><b>runScenario</b><br>Test class: testrunners.MyTestRunner<br>Test method: Runs Cucumber Scenarios<br>Parameters: "The user is able to navigate to Graph Representations Page in Graph", "Graph"</td>
<td></td>
<td>0</td>
<td>testrunners.MyTestRunner@576c5536</td></tr>
<tr>
<td title='testrunners.MyTestRunner.runScenario()'><b>runScenario</b><br>Test class: testrunners.MyTestRunner<br>Test method: Runs Cucumber Scenarios<br>Parameters: "Useinvalid and valid inputs from Excelr on login page and login with", "DS-Algo SignIn Page feature"</td>
<td></td>
<td>1</td>
<td>testrunners.MyTestRunner@576c5536</td></tr>
<tr>
<td title='testrunners.MyTestRunner.runScenario()'><b>runScenario</b><br>Test class: testrunners.MyTestRunner<br>Test method: Runs Cucumber Scenarios<br>Parameters: "The user getting error message with invalid python code for Implement Linked List in Python page", "Linked list module of dsalgo portal"</td>
<td></td>
<td>0</td>
<td>testrunners.MyTestRunner@576c5536</td></tr>
<tr>
<td title='testrunners.MyTestRunner.runScenario()'><b>runScenario</b><br>Test class: testrunners.MyTestRunner<br>Test method: Runs Cucumber Scenarios<br>Parameters: "The user is able to navigate to Terminologies", "Tree"</td>
<td></td>
<td>0</td>
<td>testrunners.MyTestRunner@576c5536</td></tr>
<tr>
<td title='testrunners.MyTestRunner.runScenario()'><b>runScenario</b><br>Test class: testrunners.MyTestRunner<br>Test method: Runs Cucumber Scenarios<br>Parameters: "The user is able to navigate to Terminologies", "Tree"</td>
<td></td>
<td>1</td>
<td>testrunners.MyTestRunner@576c5536</td></tr>
<tr>
<td title='testrunners.MyTestRunner.runScenario()'><b>runScenario</b><br>Test class: testrunners.MyTestRunner<br>Test method: Runs Cucumber Scenarios<br>Parameters: "The user getting error message with invalid python code for Types of Linked List page", "Linked list module of dsalgo portal"</td>
<td></td>
<td>0</td>
<td>testrunners.MyTestRunner@576c5536</td></tr>
<tr>
<td title='testrunners.MyTestRunner.runScenario()'><b>runScenario</b><br>Test class: testrunners.MyTestRunner<br>Test method: Runs Cucumber Scenarios<br>Parameters: "The user is able to navigate to Question page from Search the array link", "Array"</td>
<td></td>
<td>0</td>
<td>testrunners.MyTestRunner@576c5536</td></tr>
<tr>
<td title='testrunners.MyTestRunner.runScenario()'><b>runScenario</b><br>Test class: testrunners.MyTestRunner<br>Test method: Runs Cucumber Scenarios<br>Parameters: "The user runs the code in tryEditor with valid input for traversal page", "Linked list module of dsalgo portal"</td>
<td></td>
<td>0</td>
<td>testrunners.MyTestRunner@576c5536</td></tr>
<tr>
<td title='testrunners.MyTestRunner.runScenario()'><b>runScenario</b><br>Test class: testrunners.MyTestRunner<br>Test method: Runs Cucumber Scenarios<br>Parameters: "The user is able to navigate to Overview of Trees", "Tree"</td>
<td></td>
<td>0</td>
<td>testrunners.MyTestRunner@576c5536</td></tr>
<tr>
<td title='testrunners.MyTestRunner.runScenario()'><b>runScenario</b><br>Test class: testrunners.MyTestRunner<br>Test method: Runs Cucumber Scenarios<br>Parameters: "The user is able to navigate to Terminologies", "Tree"</td>
<td></td>
<td>0</td>
<td>testrunners.MyTestRunner@576c5536</td></tr>
<tr>
<td title='testrunners.MyTestRunner.runScenario()'><b>runScenario</b><br>Test class: testrunners.MyTestRunner<br>Test method: Runs Cucumber Scenarios<br>Parameters: "The user is able to navigate to Data Structure introduction page", "DS-Algo DataStructure feature"</td>
<td></td>
<td>0</td>
<td>testrunners.MyTestRunner@576c5536</td></tr>
<tr>
<td title='testrunners.MyTestRunner.runScenario()'><b>runScenario</b><br>Test class: testrunners.MyTestRunner<br>Test method: Runs Cucumber Scenarios<br>Parameters: "The user runs the code in tryEditor with valid input for Implement Linked List in Python page", "Linked list module of dsalgo portal"</td>
<td></td>
<td>0</td>
<td>testrunners.MyTestRunner@576c5536</td></tr>
<tr>
<td title='testrunners.MyTestRunner.runScenario()'><b>runScenario</b><br>Test class: testrunners.MyTestRunner<br>Test method: Runs Cucumber Scenarios<br>Parameters: "The user is presented with error message for code with invalid syntax in tryEditor for Basic Operations in Lists page", "Array"</td>
<td></td>
<td>0</td>
<td>testrunners.MyTestRunner@576c5536</td></tr>
<tr>
<td title='testrunners.MyTestRunner.runScenario()'><b>runScenario</b><br>Test class: testrunners.MyTestRunner<br>Test method: Runs Cucumber Scenarios<br>Parameters: "The user is able to navigate to Operations in Stack Page", "Stack"</td>
<td></td>
<td>0</td>
<td>testrunners.MyTestRunner@576c5536</td></tr>
<tr>
<td title='testrunners.MyTestRunner.runScenario()'><b>runScenario</b><br>Test class: testrunners.MyTestRunner<br>Test method: Runs Cucumber Scenarios<br>Parameters: "The user is able to navigate to Overview of Trees", "Tree"</td>
<td></td>
<td>0</td>
<td>testrunners.MyTestRunner@576c5536</td></tr>
<tr>
<td title='testrunners.MyTestRunner.runScenario()'><b>runScenario</b><br>Test class: testrunners.MyTestRunner<br>Test method: Runs Cucumber Scenarios<br>Parameters: "User is navigated to tryEditor text in Basic Operations in Lists page", "Array"</td>
<td></td>
<td>0</td>
<td>testrunners.MyTestRunner@576c5536</td></tr>
<tr>
<td title='testrunners.MyTestRunner.runScenario()'><b>runScenario</b><br>Test class: testrunners.MyTestRunner<br>Test method: Runs Cucumber Scenarios<br>Parameters: "The user is presented with error message for code with invalid syntax in tryEditor for Squares of a Sorted Array", "Array"</td>
<td></td>
<td>1</td>
<td>testrunners.MyTestRunner@576c5536</td></tr>
<tr>
<td title='testrunners.MyTestRunner.runScenario()'><b>runScenario</b><br>Test class: testrunners.MyTestRunner<br>Test method: Runs Cucumber Scenarios<br>Parameters: "User is on Home page and click on dropdown without sign in", "DS-Algo Home Page feature"</td>
<td></td>
<td>0</td>
<td>testrunners.MyTestRunner@576c5536</td></tr>
<tr>
<td title='testrunners.MyTestRunner.runScenario()'><b>runScenario</b><br>Test class: testrunners.MyTestRunner<br>Test method: Runs Cucumber Scenarios<br>Parameters: "The user is able to navigate to Terminologies", "Tree"</td>
<td></td>
<td>0</td>
<td>testrunners.MyTestRunner@576c5536</td></tr>
<tr>
<td title='testrunners.MyTestRunner.runScenario()'><b>runScenario</b><br>Test class: testrunners.MyTestRunner<br>Test method: Runs Cucumber Scenarios<br>Parameters: "The user is able to navigate to Overview of Trees", "Tree"</td>
<td></td>
<td>0</td>
<td>testrunners.MyTestRunner@576c5536</td></tr>
<tr>
<td title='testrunners.MyTestRunner.runScenario()'><b>runScenario</b><br>Test class: testrunners.MyTestRunner<br>Test method: Runs Cucumber Scenarios<br>Parameters: "User is navigated to tryEditor text in Applications of Array page", "Array"</td>
<td></td>
<td>0</td>
<td>testrunners.MyTestRunner@576c5536</td></tr>
<tr>
<td title='testrunners.MyTestRunner.runScenario()'><b>runScenario</b><br>Test class: testrunners.MyTestRunner<br>Test method: Runs Cucumber Scenarios<br>Parameters: "User navigates from linked list page to text editor page in types of linked list", "Linked list module of dsalgo portal"</td>
<td></td>
<td>1</td>
<td>testrunners.MyTestRunner@576c5536</td></tr>
<tr>
<td title='testrunners.MyTestRunner.runScenario()'><b>runScenario</b><br>Test class: testrunners.MyTestRunner<br>Test method: Runs Cucumber Scenarios<br>Parameters: "The user is presented with error message for code with invalid syntax in tryEditor for Applications of Array page", "Array"</td>
<td></td>
<td>0</td>
<td>testrunners.MyTestRunner@576c5536</td></tr>
<tr>
<td title='testrunners.MyTestRunner.runScenario()'><b>runScenario</b><br>Test class: testrunners.MyTestRunner<br>Test method: Runs Cucumber Scenarios<br>Parameters: "User is navigated to tryEditor text in Implementation using collections deque link", "Queue feature file for dsalgo project"</td>
<td></td>
<td>0</td>
<td>testrunners.MyTestRunner@576c5536</td></tr>
<tr>
<td title='testrunners.MyTestRunner.runScenario()'><b>runScenario</b><br>Test class: testrunners.MyTestRunner<br>Test method: Runs Cucumber Scenarios<br>Parameters: "User launch home page of an dsalgo project", "DS-Algo Home Page feature"</td>
<td></td>
<td>1</td>
<td>testrunners.MyTestRunner@576c5536</td></tr>
<tr>
<td title='testrunners.MyTestRunner.runScenario()'><b>runScenario</b><br>Test class: testrunners.MyTestRunner<br>Test method: Runs Cucumber Scenarios<br>Parameters: "User is on Home page and click on dropdown without sign in", "DS-Algo Home Page feature"</td>
<td></td>
<td>0</td>
<td>testrunners.MyTestRunner@576c5536</td></tr>
<tr>
<td title='testrunners.MyTestRunner.runScenario()'><b>runScenario</b><br>Test class: testrunners.MyTestRunner<br>Test method: Runs Cucumber Scenarios<br>Parameters: "User on login page and login with invalid inputs", "DS-Algo SignIn Page feature"</td>
<td></td>
<td>0</td>
<td>testrunners.MyTestRunner@576c5536</td></tr>
<tr>
<td title='testrunners.MyTestRunner.runScenario()'><b>runScenario</b><br>Test class: testrunners.MyTestRunner<br>Test method: Runs Cucumber Scenarios<br>Parameters: "User navigates from linked list page to text editor page in introduction", "Linked list module of dsalgo portal"</td>
<td></td>
<td>0</td>
<td>testrunners.MyTestRunner@576c5536</td></tr>
<tr>
<td title='testrunners.MyTestRunner.runScenario()'><b>runScenario</b><br>Test class: testrunners.MyTestRunner<br>Test method: Runs Cucumber Scenarios<br>Parameters: "User is on Home page and click on dropdown without sign in", "DS-Algo Home Page feature"</td>
<td></td>
<td>0</td>
<td>testrunners.MyTestRunner@576c5536</td></tr>
<tr>
<td title='testrunners.MyTestRunner.runScenario()'><b>runScenario</b><br>Test class: testrunners.MyTestRunner<br>Test method: Runs Cucumber Scenarios<br>Parameters: "The user runs the code in tryEditor with valid input for Creating Linked List page", "Linked list module of dsalgo portal"</td>
<td></td>
<td>0</td>
<td>testrunners.MyTestRunner@576c5536</td></tr>
<tr>
<td title='testrunners.MyTestRunner.runScenario()'><b>runScenario</b><br>Test class: testrunners.MyTestRunner<br>Test method: Runs Cucumber Scenarios<br>Parameters: "The user is able run code in tryEditor for Applications of Array page", "Array"</td>
<td></td>
<td>0</td>
<td>testrunners.MyTestRunner@576c5536</td></tr>
<tr>
<td title='testrunners.MyTestRunner.runScenario()'><b>runScenario</b><br>Test class: testrunners.MyTestRunner<br>Test method: Runs Cucumber Scenarios<br>Parameters: "The user is able to navigate to Terminologies", "Tree"</td>
<td></td>
<td>0</td>
<td>testrunners.MyTestRunner@576c5536</td></tr>
<tr>
<td title='testrunners.MyTestRunner.runScenario()'><b>runScenario</b><br>Test class: testrunners.MyTestRunner<br>Test method: Runs Cucumber Scenarios<br>Parameters: "The user is able to navigate to Tree Data Structure page", "Tree"</td>
<td></td>
<td>0</td>
<td>testrunners.MyTestRunner@576c5536</td></tr>
<tr>
<td title='testrunners.MyTestRunner.runScenario()'><b>runScenario</b><br>Test class: testrunners.MyTestRunner<br>Test method: Runs Cucumber Scenarios<br>Parameters: "The user is able to navigate to Operations in Stack Page", "Stack"</td>
<td></td>
<td>0</td>
<td>testrunners.MyTestRunner@576c5536</td></tr>
<tr>
<td title='testrunners.MyTestRunner.runScenario()'><b>runScenario</b><br>Test class: testrunners.MyTestRunner<br>Test method: Runs Cucumber Scenarios<br>Parameters: "The user is able to navigate to Terminologies", "Tree"</td>
<td></td>
<td>0</td>
<td>testrunners.MyTestRunner@576c5536</td></tr>
<tr>
<td title='testrunners.MyTestRunner.runScenario()'><b>runScenario</b><br>Test class: testrunners.MyTestRunner<br>Test method: Runs Cucumber Scenarios<br>Parameters: "The user is able to navigate to Operations in Stack Page", "Stack"</td>
<td></td>
<td>0</td>
<td>testrunners.MyTestRunner@576c5536</td></tr>
<tr>
<td title='testrunners.MyTestRunner.runScenario()'><b>runScenario</b><br>Test class: testrunners.MyTestRunner<br>Test method: Runs Cucumber Scenarios<br>Parameters: "The user is able to navigate to Terminologies", "Tree"</td>
<td></td>
<td>0</td>
<td>testrunners.MyTestRunner@576c5536</td></tr>
<tr>
<td title='testrunners.MyTestRunner.runScenario()'><b>runScenario</b><br>Test class: testrunners.MyTestRunner<br>Test method: Runs Cucumber Scenarios<br>Parameters: "The user is able to navigate to Terminologies", "Tree"</td>
<td></td>
<td>0</td>
<td>testrunners.MyTestRunner@576c5536</td></tr>
<tr>
<td title='testrunners.MyTestRunner.runScenario()'><b>runScenario</b><br>Test class: testrunners.MyTestRunner<br>Test method: Runs Cucumber Scenarios<br>Parameters: "The user is able to navigate to all Tree Pages", "Tree"</td>
<td></td>
<td>0</td>
<td>testrunners.MyTestRunner@576c5536</td></tr>
<tr>
<td title='testrunners.MyTestRunner.runScenario()'><b>runScenario</b><br>Test class: testrunners.MyTestRunner<br>Test method: Runs Cucumber Scenarios<br>Parameters: "User is on Home page and click on dropdown without sign in", "DS-Algo Home Page feature"</td>
<td></td>
<td>0</td>
<td>testrunners.MyTestRunner@576c5536</td></tr>
<tr>
<td title='testrunners.MyTestRunner.runScenario()'><b>runScenario</b><br>Test class: testrunners.MyTestRunner<br>Test method: Runs Cucumber Scenarios<br>Parameters: "User is navigated to tryEditor text in Arrays page", "Array"</td>
<td></td>
<td>1</td>
<td>testrunners.MyTestRunner@576c5536</td></tr>
<tr>
<td title='testrunners.MyTestRunner.runScenario()'><b>runScenario</b><br>Test class: testrunners.MyTestRunner<br>Test method: Runs Cucumber Scenarios<br>Parameters: "The user is able to navigate to all Tree Pages", "Tree"</td>
<td></td>
<td>0</td>
<td>testrunners.MyTestRunner@576c5536</td></tr>
<tr>
<td title='testrunners.MyTestRunner.runScenario()'><b>runScenario</b><br>Test class: testrunners.MyTestRunner<br>Test method: Runs Cucumber Scenarios<br>Parameters: "The user is able to navigate to Graph Data Structure page", "Graph"</td>
<td></td>
<td>0</td>
<td>testrunners.MyTestRunner@576c5536</td></tr>
<tr>
<td title='testrunners.MyTestRunner.runScenario()'><b>runScenario</b><br>Test class: testrunners.MyTestRunner<br>Test method: Runs Cucumber Scenarios<br>Parameters: "User navigates from linked list page to text editor page in Deletion", "Linked list module of dsalgo portal"</td>
<td></td>
<td>0</td>
<td>testrunners.MyTestRunner@576c5536</td></tr>
<tr>
<td title='testrunners.MyTestRunner.runScenario()'><b>runScenario</b><br>Test class: testrunners.MyTestRunner<br>Test method: Runs Cucumber Scenarios<br>Parameters: "The user should be able to run invalid codes in Overview of Trees Editor Page", "Tree"</td>
<td></td>
<td>0</td>
<td>testrunners.MyTestRunner@576c5536</td></tr>
<tr>
<td title='testrunners.MyTestRunner.runScenario()'><b>runScenario</b><br>Test class: testrunners.MyTestRunner<br>Test method: Runs Cucumber Scenarios<br>Parameters: "The user is presented with error message for code with invalid syntax in tryEditor for Implementation using array page", "Queue feature file for dsalgo project"</td>
<td></td>
<td>0</td>
<td>testrunners.MyTestRunner@576c5536</td></tr>
<tr>
<td title='testrunners.MyTestRunner.runScenario()'><b>runScenario</b><br>Test class: testrunners.MyTestRunner<br>Test method: Runs Cucumber Scenarios<br>Parameters: "The user is able to navigate to Operations in Stack Page", "Stack"</td>
<td></td>
<td>0</td>
<td>testrunners.MyTestRunner@576c5536</td></tr>
<tr>
<td title='testrunners.MyTestRunner.runScenario()'><b>runScenario</b><br>Test class: testrunners.MyTestRunner<br>Test method: Runs Cucumber Scenarios<br>Parameters: "The user is able run code in tryEditor for Queue Operations page", "Queue feature file for dsalgo project"</td>
<td></td>
<td>0</td>
<td>testrunners.MyTestRunner@576c5536</td></tr>
<tr>
<td title='testrunners.MyTestRunner.runScenario()'><b>runScenario</b><br>Test class: testrunners.MyTestRunner<br>Test method: Runs Cucumber Scenarios<br>Parameters: "User is navigated to tryEditor text in Implementation using array link page", "Queue feature file for dsalgo project"</td>
<td></td>
<td>0</td>
<td>testrunners.MyTestRunner@576c5536</td></tr>
<tr>
<td title='testrunners.MyTestRunner.runScenario()'><b>runScenario</b><br>Test class: testrunners.MyTestRunner<br>Test method: Runs Cucumber Scenarios<br>Parameters: "User on login page and login with invalid inputs", "DS-Algo SignIn Page feature"</td>
<td></td>
<td>0</td>
<td>testrunners.MyTestRunner@576c5536</td></tr>
<tr>
<td title='testrunners.MyTestRunner.runScenario()'><b>runScenario</b><br>Test class: testrunners.MyTestRunner<br>Test method: Runs Cucumber Scenarios<br>Parameters: "User is navigated to tryEditor text in Queue page", "Queue feature file for dsalgo project"</td>
<td></td>
<td>0</td>
<td>testrunners.MyTestRunner@576c5536</td></tr>
<tr>
<td title='testrunners.MyTestRunner.runScenario()'><b>runScenario</b><br>Test class: testrunners.MyTestRunner<br>Test method: Runs Cucumber Scenarios<br>Parameters: "User is on Home page and click on sign in", "DS-Algo Home Page feature"</td>
<td></td>
<td>0</td>
<td>testrunners.MyTestRunner@576c5536</td></tr>
<tr>
<td title='testrunners.MyTestRunner.runScenario()'><b>runScenario</b><br>Test class: testrunners.MyTestRunner<br>Test method: Runs Cucumber Scenarios<br>Parameters: "The user getting error message with invalid python code for traversal link", "Linked list module of dsalgo portal"</td>
<td></td>
<td>0</td>
<td>testrunners.MyTestRunner@576c5536</td></tr>
<tr>
<td title='testrunners.MyTestRunner.runScenario()'><b>runScenario</b><br>Test class: testrunners.MyTestRunner<br>Test method: Runs Cucumber Scenarios<br>Parameters: "User is on Home page and click getstarted link on  home page without sign in", "DS-Algo Home Page feature"</td>
<td></td>
<td>0</td>
<td>testrunners.MyTestRunner@576c5536</td></tr>
<tr>
<td title='testrunners.MyTestRunner.runScenario()'><b>runScenario</b><br>Test class: testrunners.MyTestRunner<br>Test method: Runs Cucumber Scenarios<br>Parameters: "The user is able run code in tryEditor for Implementation using array page", "Queue feature file for dsalgo project"</td>
<td></td>
<td>0</td>
<td>testrunners.MyTestRunner@576c5536</td></tr>
<tr>
<td title='testrunners.MyTestRunner.runScenario()'><b>runScenario</b><br>Test class: testrunners.MyTestRunner<br>Test method: Runs Cucumber Scenarios<br>Parameters: "The user is able to navigate to a page having an tryEditor from Time Complexity page", "DS-Algo DataStructure feature"</td>
<td></td>
<td>0</td>
<td>testrunners.MyTestRunner@576c5536</td></tr>
<tr>
<td title='testrunners.MyTestRunner.runScenario()'><b>runScenario</b><br>Test class: testrunners.MyTestRunner<br>Test method: Runs Cucumber Scenarios<br>Parameters: "The user runs the code in tryEditor with valid input for Deletion page", "Linked list module of dsalgo portal"</td>
<td></td>
<td>0</td>
<td>testrunners.MyTestRunner@576c5536</td></tr>
<tr>
<td title='testrunners.MyTestRunner.runScenario()'><b>runScenario</b><br>Test class: testrunners.MyTestRunner<br>Test method: Runs Cucumber Scenarios<br>Parameters: "The user should be directed to editor page with run button to test python code", "Tree"</td>
<td></td>
<td>0</td>
<td>testrunners.MyTestRunner@576c5536</td></tr>
<tr>
<td title='testrunners.MyTestRunner.runScenario()'><b>runScenario</b><br>Test class: testrunners.MyTestRunner<br>Test method: Runs Cucumber Scenarios<br>Parameters: "The user is presented with error message for code with invalid syntax in tryEditor for Time Complexity page", "DS-Algo DataStructure feature"</td>
<td></td>
<td>0</td>
<td>testrunners.MyTestRunner@576c5536</td></tr>
<tr>
<td title='testrunners.MyTestRunner.runScenario()'><b>runScenario</b><br>Test class: testrunners.MyTestRunner<br>Test method: Runs Cucumber Scenarios<br>Parameters: "User on login page and login with invalid inputs", "DS-Algo SignIn Page feature"</td>
<td></td>
<td>0</td>
<td>testrunners.MyTestRunner@576c5536</td></tr>
<tr>
<td title='testrunners.MyTestRunner.runScenario()'><b>runScenario</b><br>Test class: testrunners.MyTestRunner<br>Test method: Runs Cucumber Scenarios<br>Parameters: "The user is able to navigate to Terminologies", "Tree"</td>
<td></td>
<td>0</td>
<td>testrunners.MyTestRunner@576c5536</td></tr>
<tr>
<td title='testrunners.MyTestRunner.runScenario()'><b>runScenario</b><br>Test class: testrunners.MyTestRunner<br>Test method: Runs Cucumber Scenarios<br>Parameters: "User is on Home page and click on Register", "DS-Algo Home Page feature"</td>
<td></td>
<td>0</td>
<td>testrunners.MyTestRunner@576c5536</td></tr>
<tr>
<td title='testrunners.MyTestRunner.runScenario()'><b>runScenario</b><br>Test class: testrunners.MyTestRunner<br>Test method: Runs Cucumber Scenarios<br>Parameters: "The user is able to navigate to Overview of Trees", "Tree"</td>
<td></td>
<td>0</td>
<td>testrunners.MyTestRunner@576c5536</td></tr>
<tr>
<td title='testrunners.MyTestRunner.runScenario()'><b>runScenario</b><br>Test class: testrunners.MyTestRunner<br>Test method: Runs Cucumber Scenarios<br>Parameters: "The user is able to navigate to Operations in Stack Page", "Stack"</td>
<td></td>
<td>0</td>
<td>testrunners.MyTestRunner@576c5536</td></tr>
<tr>
<td title='testrunners.MyTestRunner.runScenario()'><b>runScenario</b><br>Test class: testrunners.MyTestRunner<br>Test method: Runs Cucumber Scenarios<br>Parameters: "Useinvalid and valid inputs from Excelr on login page and login with", "DS-Algo SignIn Page feature"</td>
<td></td>
<td>1</td>
<td>testrunners.MyTestRunner@576c5536</td></tr>
<tr>
<td title='testrunners.MyTestRunner.runScenario()'><b>runScenario</b><br>Test class: testrunners.MyTestRunner<br>Test method: Runs Cucumber Scenarios<br>Parameters: "The user is able to navigate to Graph Representations Editor Page", "Graph"</td>
<td></td>
<td>0</td>
<td>testrunners.MyTestRunner@576c5536</td></tr>
<tr>
<td title='testrunners.MyTestRunner.runScenario()'><b>runScenario</b><br>Test class: testrunners.MyTestRunner<br>Test method: Runs Cucumber Scenarios<br>Parameters: "The user is able run code in tryEditor for Time Complexity page", "DS-Algo DataStructure feature"</td>
<td></td>
<td>0</td>
<td>testrunners.MyTestRunner@576c5536</td></tr>
<tr>
<td title='testrunners.MyTestRunner.runScenario()'><b>runScenario</b><br>Test class: testrunners.MyTestRunner<br>Test method: Runs Cucumber Scenarios<br>Parameters: "The user is able to navigate to all Tree Pages", "Tree"</td>
<td></td>
<td>0</td>
<td>testrunners.MyTestRunner@576c5536</td></tr>
<tr>
<td title='testrunners.MyTestRunner.runScenario()'><b>runScenario</b><br>Test class: testrunners.MyTestRunner<br>Test method: Runs Cucumber Scenarios<br>Parameters: "The user is able to navigate to Question page from Find Numbers with Even Number of Digits", "Array"</td>
<td></td>
<td>2</td>
<td>testrunners.MyTestRunner@576c5536</td></tr>
<tr>
<td title='testrunners.MyTestRunner.runScenario()'><b>runScenario</b><br>Test class: testrunners.MyTestRunner<br>Test method: Runs Cucumber Scenarios<br>Parameters: "The user is able to navigate to Question page from Max Consecutive Ones", "Array"</td>
<td></td>
<td>3</td>
<td>testrunners.MyTestRunner@576c5536</td></tr>
<tr>
<td title='testrunners.MyTestRunner.runScenario()'><b>runScenario</b><br>Test class: testrunners.MyTestRunner<br>Test method: Runs Cucumber Scenarios<br>Parameters: "The user is able to navigate to all Stack Pages", "Stack"</td>
<td></td>
<td>0</td>
<td>testrunners.MyTestRunner@576c5536</td></tr>
<tr>
<td title='testrunners.MyTestRunner.runScenario()'><b>runScenario</b><br>Test class: testrunners.MyTestRunner<br>Test method: Runs Cucumber Scenarios<br>Parameters: "The user is presented with error message for code with invalid syntax in tryEditor for Arrays Using List page", "Array"</td>
<td></td>
<td>0</td>
<td>testrunners.MyTestRunner@576c5536</td></tr>
<tr>
<td title='testrunners.MyTestRunner.runScenario()'><b>runScenario</b><br>Test class: testrunners.MyTestRunner<br>Test method: Runs Cucumber Scenarios<br>Parameters: "The user is able to enter invalid codes in Graph Representation Page", "Graph"</td>
<td></td>
<td>0</td>
<td>testrunners.MyTestRunner@576c5536</td></tr>
<tr>
<td title='testrunners.MyTestRunner.runScenario()'><b>runScenario</b><br>Test class: testrunners.MyTestRunner<br>Test method: Runs Cucumber Scenarios<br>Parameters: "User navigates from linked list page to text editor page in creating linked list", "Linked list module of dsalgo portal"</td>
<td></td>
<td>0</td>
<td>testrunners.MyTestRunner@576c5536</td></tr>
<tr>
<td title='testrunners.MyTestRunner.runScenario()'><b>runScenario</b><br>Test class: testrunners.MyTestRunner<br>Test method: Runs Cucumber Scenarios<br>Parameters: "The user is able to navigate to Terminologies", "Tree"</td>
<td></td>
<td>0</td>
<td>testrunners.MyTestRunner@576c5536</td></tr>
<tr>
<td title='testrunners.MyTestRunner.runScenario()'><b>runScenario</b><br>Test class: testrunners.MyTestRunner<br>Test method: Runs Cucumber Scenarios<br>Parameters: "The user is able run code in tryEditor for Arrays Using List page", "Array"</td>
<td></td>
<td>0</td>
<td>testrunners.MyTestRunner@576c5536</td></tr>
<tr>
<td title='testrunners.MyTestRunner.runScenario()'><b>runScenario</b><br>Test class: testrunners.MyTestRunner<br>Test method: Runs Cucumber Scenarios<br>Parameters: "The user is able to navigate to Terminologies", "Tree"</td>
<td></td>
<td>0</td>
<td>testrunners.MyTestRunner@576c5536</td></tr>
<tr>
<td title='testrunners.MyTestRunner.runScenario()'><b>runScenario</b><br>Test class: testrunners.MyTestRunner<br>Test method: Runs Cucumber Scenarios<br>Parameters: "The user is able to navigate to Terminologies", "Tree"</td>
<td></td>
<td>0</td>
<td>testrunners.MyTestRunner@576c5536</td></tr>
<tr>
<td title='testrunners.MyTestRunner.runScenario()'><b>runScenario</b><br>Test class: testrunners.MyTestRunner<br>Test method: Runs Cucumber Scenarios<br>Parameters: "The user is able to navigate to all Tree Pages", "Tree"</td>
<td></td>
<td>0</td>
<td>testrunners.MyTestRunner@576c5536</td></tr>
<tr>
<td title='testrunners.MyTestRunner.runScenario()'><b>runScenario</b><br>Test class: testrunners.MyTestRunner<br>Test method: Runs Cucumber Scenarios<br>Parameters: "The user is able to navigate to Overview of Trees", "Tree"</td>
<td></td>
<td>0</td>
<td>testrunners.MyTestRunner@576c5536</td></tr>
<tr>
<td title='testrunners.MyTestRunner.runScenario()'><b>runScenario</b><br>Test class: testrunners.MyTestRunner<br>Test method: Runs Cucumber Scenarios<br>Parameters: "The user is able to navigate to Terminologies", "Tree"</td>
<td></td>
<td>0</td>
<td>testrunners.MyTestRunner@576c5536</td></tr>
<tr>
<td title='testrunners.MyTestRunner.runScenario()'><b>runScenario</b><br>Test class: testrunners.MyTestRunner<br>Test method: Runs Cucumber Scenarios<br>Parameters: "The user is able to navigate to all Tree Pages", "Tree"</td>
<td></td>
<td>0</td>
<td>testrunners.MyTestRunner@576c5536</td></tr>
<tr>
<td title='testrunners.MyTestRunner.runScenario()'><b>runScenario</b><br>Test class: testrunners.MyTestRunner<br>Test method: Runs Cucumber Scenarios<br>Parameters: "Verifying Register link", "DS-Algo SignIn Page feature"</td>
<td></td>
<td>0</td>
<td>testrunners.MyTestRunner@576c5536</td></tr>
<tr>
<td title='testrunners.MyTestRunner.runScenario()'><b>runScenario</b><br>Test class: testrunners.MyTestRunner<br>Test method: Runs Cucumber Scenarios<br>Parameters: "User is on Home page and click getstarted link on  home page without sign in", "DS-Algo Home Page feature"</td>
<td></td>
<td>0</td>
<td>testrunners.MyTestRunner@576c5536</td></tr>
<tr>
<td title='testrunners.MyTestRunner.runScenario()'><b>runScenario</b><br>Test class: testrunners.MyTestRunner<br>Test method: Runs Cucumber Scenarios<br>Parameters: "The user is able to navigate to Overview of Trees", "Tree"</td>
<td></td>
<td>0</td>
<td>testrunners.MyTestRunner@576c5536</td></tr>
<tr>
<td title='testrunners.MyTestRunner.runScenario()'><b>runScenario</b><br>Test class: testrunners.MyTestRunner<br>Test method: Runs Cucumber Scenarios<br>Parameters: "The user should be directed to editor page with run button to test python code", "Graph"</td>
<td></td>
<td>0</td>
<td>testrunners.MyTestRunner@576c5536</td></tr>
<tr>
<td title='testrunners.MyTestRunner.runScenario()'><b>runScenario</b><br>Test class: testrunners.MyTestRunner<br>Test method: Runs Cucumber Scenarios<br>Parameters: "The user should be able to run invalid codes in Editor Page", "Graph"</td>
<td></td>
<td>0</td>
<td>testrunners.MyTestRunner@576c5536</td></tr>
<tr>
<td title='testrunners.MyTestRunner.runScenario()'><b>runScenario</b><br>Test class: testrunners.MyTestRunner<br>Test method: Runs Cucumber Scenarios<br>Parameters: "The user is able to navigate to Time Complexity page", "DS-Algo DataStructure feature"</td>
<td></td>
<td>0</td>
<td>testrunners.MyTestRunner@576c5536</td></tr>
<tr>
<td title='testrunners.MyTestRunner.runScenario()'><b>runScenario</b><br>Test class: testrunners.MyTestRunner<br>Test method: Runs Cucumber Scenarios<br>Parameters: "User is navigated to tryEditor text in Queue operations page", "Queue feature file for dsalgo project"</td>
<td></td>
<td>0</td>
<td>testrunners.MyTestRunner@576c5536</td></tr>
<tr>
<td title='testrunners.MyTestRunner.runScenario()'><b>runScenario</b><br>Test class: testrunners.MyTestRunner<br>Test method: Runs Cucumber Scenarios<br>Parameters: "User navigates from linked list page to text editor page in implement linked list in python", "Linked list module of dsalgo portal"</td>
<td></td>
<td>0</td>
<td>testrunners.MyTestRunner@576c5536</td></tr>
<tr>
<td title='testrunners.MyTestRunner.runScenario()'><b>runScenario</b><br>Test class: testrunners.MyTestRunner<br>Test method: Runs Cucumber Scenarios<br>Parameters: "User is on Home page and click on dropdown without sign in", "DS-Algo Home Page feature"</td>
<td></td>
<td>0</td>
<td>testrunners.MyTestRunner@576c5536</td></tr>
<tr>
<td title='testrunners.MyTestRunner.runScenario()'><b>runScenario</b><br>Test class: testrunners.MyTestRunner<br>Test method: Runs Cucumber Scenarios<br>Parameters: "The user is able to navigate to all Stack Pages", "Stack"</td>
<td></td>
<td>0</td>
<td>testrunners.MyTestRunner@576c5536</td></tr>
<tr>
<td title='testrunners.MyTestRunner.runScenario()'><b>runScenario</b><br>Test class: testrunners.MyTestRunner<br>Test method: Runs Cucumber Scenarios<br>Parameters: "The user is able to navigate to Overview of Trees", "Tree"</td>
<td></td>
<td>0</td>
<td>testrunners.MyTestRunner@576c5536</td></tr>
<tr>
<td title='testrunners.MyTestRunner.runScenario()'><b>runScenario</b><br>Test class: testrunners.MyTestRunner<br>Test method: Runs Cucumber Scenarios<br>Parameters: "User is on Home page and click getstarted link on  home page without sign in", "DS-Algo Home Page feature"</td>
<td></td>
<td>0</td>
<td>testrunners.MyTestRunner@576c5536</td></tr>
<tr>
<td title='testrunners.MyTestRunner.runScenario()'><b>runScenario</b><br>Test class: testrunners.MyTestRunner<br>Test method: Runs Cucumber Scenarios<br>Parameters: "The user is able to signin with registered credential", "DS-Algo SignIn Page feature"</td>
<td></td>
<td>1</td>
<td>testrunners.MyTestRunner@576c5536</td></tr>
<tr>
<td title='testrunners.MyTestRunner.runScenario()'><b>runScenario</b><br>Test class: testrunners.MyTestRunner<br>Test method: Runs Cucumber Scenarios<br>Parameters: "Verifying signout link", "DS-Algo SignIn Page feature"</td>
<td></td>
<td>1</td>
<td>testrunners.MyTestRunner@576c5536</td></tr>
<tr>
<td title='testrunners.MyTestRunner.runScenario()'><b>runScenario</b><br>Test class: testrunners.MyTestRunner<br>Test method: Runs Cucumber Scenarios<br>Parameters: "The user is able to navigate to all Tree Pages", "Tree"</td>
<td></td>
<td>0</td>
<td>testrunners.MyTestRunner@576c5536</td></tr>
<tr>
<td title='testrunners.MyTestRunner.runScenario()'><b>runScenario</b><br>Test class: testrunners.MyTestRunner<br>Test method: Runs Cucumber Scenarios<br>Parameters: "The user runs the code in tryEditor with valid input for Types of Linked List page", "Linked list module of dsalgo portal"</td>
<td></td>
<td>0</td>
<td>testrunners.MyTestRunner@576c5536</td></tr>
<tr>
<td title='testrunners.MyTestRunner.runScenario()'><b>runScenario</b><br>Test class: testrunners.MyTestRunner<br>Test method: Runs Cucumber Scenarios<br>Parameters: "The user should be directed to editor page with run button to test python code", "Stack"</td>
<td></td>
<td>0</td>
<td>testrunners.MyTestRunner@576c5536</td></tr>
<tr>
<td title='testrunners.MyTestRunner.runScenario()'><b>runScenario</b><br>Test class: testrunners.MyTestRunner<br>Test method: Runs Cucumber Scenarios<br>Parameters: "The user is able to navigate to Terminologies", "Tree"</td>
<td></td>
<td>0</td>
<td>testrunners.MyTestRunner@576c5536</td></tr>
<tr>
<td title='testrunners.MyTestRunner.runScenario()'><b>runScenario</b><br>Test class: testrunners.MyTestRunner<br>Test method: Runs Cucumber Scenarios<br>Parameters: "User is on Home page and click getstarted link on  home page without sign in", "DS-Algo Home Page feature"</td>
<td></td>
<td>0</td>
<td>testrunners.MyTestRunner@576c5536</td></tr>
<tr>
<td title='testrunners.MyTestRunner.runScenario()'><b>runScenario</b><br>Test class: testrunners.MyTestRunner<br>Test method: Runs Cucumber Scenarios<br>Parameters: "The user is able to navigate to Terminologies", "Tree"</td>
<td></td>
<td>0</td>
<td>testrunners.MyTestRunner@576c5536</td></tr>
<tr>
<td title='testrunners.MyTestRunner.runScenario()'><b>runScenario</b><br>Test class: testrunners.MyTestRunner<br>Test method: Runs Cucumber Scenarios<br>Parameters: "The user is able to navigate to all Tree Pages", "Tree"</td>
<td></td>
<td>0</td>
<td>testrunners.MyTestRunner@576c5536</td></tr>
<tr>
<td title='testrunners.MyTestRunner.runScenario()'><b>runScenario</b><br>Test class: testrunners.MyTestRunner<br>Test method: Runs Cucumber Scenarios<br>Parameters: "User is on Home page and click getstarted link on  home page without sign in", "DS-Algo Home Page feature"</td>
<td></td>
<td>0</td>
<td>testrunners.MyTestRunner@576c5536</td></tr>
<tr>
<td title='testrunners.MyTestRunner.runScenario()'><b>runScenario</b><br>Test class: testrunners.MyTestRunner<br>Test method: Runs Cucumber Scenarios<br>Parameters: "The user is presented with error message for code with invalid syntax in tryEditor for Queue Operations page", "Queue feature file for dsalgo project"</td>
<td></td>
<td>0</td>
<td>testrunners.MyTestRunner@576c5536</td></tr>
<tr>
<td title='testrunners.MyTestRunner.runScenario()'><b>runScenario</b><br>Test class: testrunners.MyTestRunner<br>Test method: Runs Cucumber Scenarios<br>Parameters: "The user is able to navigate to Graph Page in Graph", "Graph"</td>
<td></td>
<td>0</td>
<td>testrunners.MyTestRunner@576c5536</td></tr>
<tr>
<td title='testrunners.MyTestRunner.runScenario()'><b>runScenario</b><br>Test class: testrunners.MyTestRunner<br>Test method: Runs Cucumber Scenarios<br>Parameters: "User navigates from linked list page to text editor page in traversal", "Linked list module of dsalgo portal"</td>
<td></td>
<td>0</td>
<td>testrunners.MyTestRunner@576c5536</td></tr>
<tr>
<td title='testrunners.MyTestRunner.runScenario()'><b>runScenario</b><br>Test class: testrunners.MyTestRunner<br>Test method: Runs Cucumber Scenarios<br>Parameters: "User is navigated to tryEditor text in Arrays Using List page", "Array"</td>
<td></td>
<td>0</td>
<td>testrunners.MyTestRunner@576c5536</td></tr>
<tr>
<td title='testrunners.MyTestRunner.runScenario()'><b>runScenario</b><br>Test class: testrunners.MyTestRunner<br>Test method: Runs Cucumber Scenarios<br>Parameters: "The user is able run code in tryEditor for Arrays in Python page", "Array"</td>
<td></td>
<td>0</td>
<td>testrunners.MyTestRunner@576c5536</td></tr>
<tr>
<td title='testrunners.MyTestRunner.runScenario()'><b>runScenario</b><br>Test class: testrunners.MyTestRunner<br>Test method: Runs Cucumber Scenarios<br>Parameters: "The user is able to navigate to Question page from Squares of a Sorted Array", "Array"</td>
<td></td>
<td>0</td>
<td>testrunners.MyTestRunner@576c5536</td></tr>
<tr>
<td title='testrunners.MyTestRunner.runScenario()'><b>runScenario</b><br>Test class: testrunners.MyTestRunner<br>Test method: Runs Cucumber Scenarios<br>Parameters: "The user is able run code in tryEditor for Implementation using collections deque page", "Queue feature file for dsalgo project"</td>
<td></td>
<td>0</td>
<td>testrunners.MyTestRunner@576c5536</td></tr>
<tr>
<td title='testrunners.MyTestRunner.runScenario()'><b>runScenario</b><br>Test class: testrunners.MyTestRunner<br>Test method: Runs Cucumber Scenarios<br>Parameters: "The user is able to navigate to all Tree Pages", "Tree"</td>
<td></td>
<td>0</td>
<td>testrunners.MyTestRunner@576c5536</td></tr>
<tr>
<td title='testrunners.MyTestRunner.runScenario()'><b>runScenario</b><br>Test class: testrunners.MyTestRunner<br>Test method: Runs Cucumber Scenarios<br>Parameters: "The user getting error message with invalid python code for Creating Linked List page", "Linked list module of dsalgo portal"</td>
<td></td>
<td>0</td>
<td>testrunners.MyTestRunner@576c5536</td></tr>
<tr>
<td title='testrunners.MyTestRunner.runScenario()'><b>runScenario</b><br>Test class: testrunners.MyTestRunner<br>Test method: Runs Cucumber Scenarios<br>Parameters: "The user is able to navigate to Overview of Trees", "Tree"</td>
<td></td>
<td>0</td>
<td>testrunners.MyTestRunner@576c5536</td></tr>
<tr>
<td title='testrunners.MyTestRunner.runScenario()'><b>runScenario</b><br>Test class: testrunners.MyTestRunner<br>Test method: Runs Cucumber Scenarios<br>Parameters: "The user is presented with error message for empty fields below Username textbox", "DS-Algo Portal Register Page"</td>
<td></td>
<td>0</td>
<td>testrunners.MyTestRunner@576c5536</td></tr>
<tr>
<td title='testrunners.MyTestRunner.runScenario()'><b>runScenario</b><br>Test class: testrunners.MyTestRunner<br>Test method: Runs Cucumber Scenarios<br>Parameters: "The user is presented with error message for empty fields below Password textbox", "DS-Algo Portal Register Page"</td>
<td></td>
<td>0</td>
<td>testrunners.MyTestRunner@576c5536</td></tr>
<tr>
<td title='testrunners.MyTestRunner.runScenario()'><b>runScenario</b><br>Test class: testrunners.MyTestRunner<br>Test method: Runs Cucumber Scenarios<br>Parameters: "The user is presented with error message for password mismatch", "DS-Algo Portal Register Page"</td>
<td></td>
<td>0</td>
<td>testrunners.MyTestRunner@576c5536</td></tr>
</table><p>
</body>
</html>